<?xml version="1.0" encoding="UTF-8"?>
<testsuite name="Cucumber" time="2.528" tests="4" skipped="0" failures="0" errors="0">
<testcase classname="Playlists" name="Verify create Playlists with invalid payload - Example #1.1" time="2.015">
<system-out><![CDATA[
When With request headers...................................................passed
And With request body: "src/test/resources/test-data/CreatePlaylists.json"..passed
When User makes a POST request to endpoint: "users/{{user_id}}/playlists"...passed
Then Response status code should be: 400....................................passed
And Response body should contains fields....................................passed
]]></system-out>
</testcase>
<testcase classname="Playlists" name="Verify create Playlists with invalid Access Token - Example #1.1" time="0.116">
<system-out><![CDATA[
When With request headers...................................................passed
And With request body: "src/test/resources/test-data/CreatePlaylists.json"..passed
When User makes a POST request to endpoint: "users/{{user_id}}/playlists"...passed
Then Response status code should be: 401....................................passed
And Response body should contains fields....................................passed
]]></system-out>
</testcase>
<testcase classname="Playlists" name="Verify create Playlists with invalid Access Token - Example #1.2" time="0.118">
<system-out><![CDATA[
When With request headers...................................................passed
And With request body: "src/test/resources/test-data/CreatePlaylists.json"..passed
When User makes a POST request to endpoint: "users/{{user_id}}/playlists"...passed
Then Response status code should be: 400....................................passed
And Response body should contains fields....................................passed
]]></system-out>
</testcase>
<testcase classname="Playlists" name="Verify create Playlists with invalid Access Token - Example #1.3" time="0.105">
<system-out><![CDATA[
When With request headers...................................................passed
And With request body: "src/test/resources/test-data/CreatePlaylists.json"..passed
When User makes a POST request to endpoint: "users/{{user_id}}/playlists"...passed
Then Response status code should be: 401....................................passed
And Response body should contains fields....................................passed
]]></system-out>
</testcase>
</testsuite>
