<?xml version="1.0" encoding="UTF-8"?>
<!-- Generated by org.testng.reporters.JUnitReportReporter -->
<testsuite hostname="fv-az1148-419" failures="0" tests="4" name="com.spotify.runner.TestNgRunner" time="2.441" errors="0" timestamp="2023-12-03T06:12:56 UTC" skipped="0">
  <testcase classname="com.spotify.runner.TestNgRunner" name="runScenario" time="2.086"/>
  <testcase classname="com.spotify.runner.TestNgRunner" name="runScenario" time="0.110"/>
  <testcase classname="com.spotify.runner.TestNgRunner" name="runScenario" time="0.123"/>
  <testcase classname="com.spotify.runner.TestNgRunner" name="runScenario" time="0.122"/>
</testsuite> <!-- com.spotify.runner.TestNgRunner -->
