<?xml version="1.0" encoding="UTF-8"?>
<!-- Generated by org.testng.reporters.JUnitReportReporter -->
<testsuite hostname="fv-az841-991" failures="0" tests="5" name="com.spotify.runner.TestNgRunner" time="4.143" errors="0" timestamp="2023-12-03T06:18:35 UTC" skipped="0">
  <testcase classname="com.spotify.runner.TestNgRunner" name="runScenario" time="0.115"/>
  <testcase classname="com.spotify.runner.TestNgRunner" name="runScenario" time="3.723"/>
  <testcase classname="com.spotify.runner.TestNgRunner" name="runScenario" time="0.106"/>
  <testcase classname="com.spotify.runner.TestNgRunner" name="runScenario" time="0.101"/>
  <testcase classname="com.spotify.runner.TestNgRunner" name="runScenario" time="0.098"/>
</testsuite> <!-- com.spotify.runner.TestNgRunner -->
